2025-11-08T20:35:24: 
> nextn@0.1.0 start
> next start

2025-12-05T23:18:44: 
> nextn@0.1.0 start
> next start

2025-12-06T16:45:30: 
> nextn@0.1.0 start
> next start

2025-12-06T17:01:44: 
> nextn@0.1.0 start
> next start

2025-12-06T17:01:46: 2025-12-06T17:01:47: 
> nextn@0.1.0 start
> next start

2025-12-06T17:01:49: 2025-12-06T17:01:49: 2025-12-06T17:01:50: 
> nextn@0.1.0 start
> next start

2025-12-06T17:01:52: 2025-12-06T17:01:53: 
> nextn@0.1.0 start
> next start

2025-12-06T17:01:54: 2025-12-06T17:01:55: 
> nextn@0.1.0 start
> next start

2025-12-06T17:01:56: 2025-12-06T17:01:56: 
> nextn@0.1.0 start
> next start

2025-12-06T17:01:57: 2025-12-06T17:01:57: 
> nextn@0.1.0 start
> next start

2025-12-06T17:01:57: 2025-12-06T17:01:58: 
> nextn@0.1.0 start
> next start

2025-12-06T17:01:58: 2025-12-06T17:01:58: 
> nextn@0.1.0 start
> next start

2025-12-06T17:01:59: 2025-12-06T17:01:59: 
> nextn@0.1.0 start
> next start

2025-12-06T17:02:00: 2025-12-06T17:02:00: 
> nextn@0.1.0 start
> next start

2025-12-06T17:02:01: 2025-12-06T17:02:01: 
> nextn@0.1.0 start
> next start

2025-12-06T17:02:02: 2025-12-06T17:02:02: 
> nextn@0.1.0 start
> next start

2025-12-06T17:02:03: 2025-12-06T17:02:03: 
> nextn@0.1.0 start
> next start

2025-12-06T17:02:03: 2025-12-06T17:02:04: 
> nextn@0.1.0 start
> next start

2025-12-06T17:02:04: 2025-12-06T17:02:04: 
> nextn@0.1.0 start
> next start

2025-12-06T17:02:05: 2025-12-06T17:02:05: 
> nextn@0.1.0 start
> next start

2025-12-06T17:02:05: 2025-12-06T17:02:06: 
> nextn@0.1.0 start
> next start

2025-12-06T17:02:06: 2025-12-06T17:02:06: 
> nextn@0.1.0 start
> next start

2025-12-06T17:02:07: 2025-12-06T17:02:07: 
> nextn@0.1.0 start
> next start

2025-12-06T17:02:08: 2025-12-06T17:02:08: 
> nextn@0.1.0 start
> next start

2025-12-06T17:02:09: 2025-12-06T17:02:09: 
> nextn@0.1.0 start
> next start

2025-12-06T17:02:10: 2025-12-06T17:02:10: 
> nextn@0.1.0 start
> next start

2025-12-06T17:02:10: 2025-12-06T17:02:11: 
> nextn@0.1.0 start
> next start

2025-12-06T17:02:11: 2025-12-06T17:02:12: 
> nextn@0.1.0 start
> next start

2025-12-06T17:02:12: 2025-12-06T17:02:12: 
> nextn@0.1.0 start
> next start

2025-12-06T17:02:13: 2025-12-06T17:02:13: 2025-12-06T17:02:13: 
> nextn@0.1.0 start
> next start

2025-12-06T17:02:14: 2025-12-06T17:02:14: 
> nextn@0.1.0 start
> next start

2025-12-06T17:02:15: 2025-12-06T17:02:15: 
> nextn@0.1.0 start
> next start

2025-12-06T17:02:15: 2025-12-06T17:02:15: 2025-12-06T17:02:16: 
> nextn@0.1.0 start
> next start

2025-12-06T17:02:16: 2025-12-06T17:02:16: 
> nextn@0.1.0 start
> next start

2025-12-06T17:02:17: 2025-12-06T17:02:17: 
> nextn@0.1.0 start
> next start

2025-12-06T17:02:18: 2025-12-06T17:02:18: 
> nextn@0.1.0 start
> next start

2025-12-06T17:02:18: 2025-12-06T17:02:19: 
> nextn@0.1.0 start
> next start

2025-12-06T17:02:19: 2025-12-06T17:02:19: 
> nextn@0.1.0 start
> next start

2025-12-06T17:02:20: 2025-12-06T17:02:20: 
> nextn@0.1.0 start
> next start

2025-12-06T17:02:21: 2025-12-06T17:02:21: 
> nextn@0.1.0 start
> next start

2025-12-06T17:02:21: 2025-12-06T17:02:22: 
> nextn@0.1.0 start
> next start

2025-12-06T17:02:22: 2025-12-06T17:02:22: 
> nextn@0.1.0 start
> next start

2025-12-06T17:02:23: 2025-12-06T17:02:23: 
> nextn@0.1.0 start
> next start

2025-12-06T17:02:23: 2025-12-06T17:02:24: 
> nextn@0.1.0 start
> next start

2025-12-06T17:02:24: 2025-12-06T17:02:25: 
> nextn@0.1.0 start
> next start

2025-12-06T17:02:25: 2025-12-06T17:02:25: 
> nextn@0.1.0 start
> next start

2025-12-06T17:02:26: 2025-12-06T17:02:26: 
> nextn@0.1.0 start
> next start

2025-12-06T17:02:26: 2025-12-06T17:02:27: 
> nextn@0.1.0 start
> next start

2025-12-06T17:02:27: 2025-12-06T17:02:27: 
> nextn@0.1.0 start
> next start

2025-12-06T17:02:28: 2025-12-06T17:02:28: 
> nextn@0.1.0 start
> next start

2025-12-06T17:02:29: 2025-12-06T17:02:29: 
> nextn@0.1.0 start
> next start

2025-12-06T17:02:29: 2025-12-06T17:02:30: 
> nextn@0.1.0 start
> next start

2025-12-06T17:02:30: 2025-12-06T17:02:30: 
> nextn@0.1.0 start
> next start

2025-12-06T17:02:31: 2025-12-06T17:02:31: 
> nextn@0.1.0 start
> next start

2025-12-06T17:02:32: 2025-12-06T17:02:32: 
> nextn@0.1.0 start
> next start

2025-12-06T17:02:33: 2025-12-06T17:02:33: 
> nextn@0.1.0 start
> next start

2025-12-06T17:02:33: 2025-12-06T17:02:34: 
> nextn@0.1.0 start
> next start

2025-12-06T17:02:34: 2025-12-06T17:02:34: 
> nextn@0.1.0 start
> next start

2025-12-06T17:02:35: 2025-12-06T17:02:35: 
> nextn@0.1.0 start
> next start

2025-12-06T17:02:36: 2025-12-06T17:02:36: 
> nextn@0.1.0 start
> next start

2025-12-06T17:02:36: 2025-12-06T17:02:37: 
> nextn@0.1.0 start
> next start

2025-12-06T17:02:37: 2025-12-06T17:02:38: 
> nextn@0.1.0 start
> next start

2025-12-06T17:02:39: 2025-12-06T17:02:39: 
> nextn@0.1.0 start
> next start

2025-12-06T17:02:40: 2025-12-06T17:02:40: 
> nextn@0.1.0 start
> next start

2025-12-06T17:02:41: 2025-12-06T17:02:41: 2025-12-06T17:02:42: 
> nextn@0.1.0 start
> next start

2025-12-06T17:02:43: 2025-12-06T17:02:44: 
> nextn@0.1.0 start
> next start

2025-12-06T17:02:45: 2025-12-06T17:02:46: 
> nextn@0.1.0 start
> next start

2025-12-06T17:02:48: 2025-12-06T17:02:48: 
> nextn@0.1.0 start
> next start

2025-12-06T17:02:51: 2025-12-06T17:02:52: 
> nextn@0.1.0 start
> next start

2025-12-06T17:02:55: 2025-12-06T17:02:56: 
> nextn@0.1.0 start
> next start

2025-12-06T17:02:59: 2025-12-06T17:03:00: 
> nextn@0.1.0 start
> next start

2025-12-06T17:03:04: 2025-12-06T17:03:06: 
> nextn@0.1.0 start
> next start

2025-12-06T17:03:57: 2025-12-06T17:04:02: 
> nextn@0.1.0 start
> next start

2025-12-06T17:04:15: 2025-12-06T17:04:20: 
> nextn@0.1.0 start
> next start

2025-12-06T17:04:30: 2025-12-06T17:04:35: 
> nextn@0.1.0 start
> next start

2025-12-06T17:10:29: 
> nextn@0.1.0 start
> next start

